{"level":"error","message":"Internal Server Error: Cannot read properties of undefined (reading 'findOne')"}
{"level":"error","message":"Internal Server Error: Cannot read properties of undefined (reading 'findOne')"}
{"level":"error","message":"Internal Server Error: Cannot read properties of undefined (reading 'find')"}
{"level":"error","message":"Internal Server Error: Cannot read properties of undefined (reading 'findOne')"}
{"level":"error","message":"Internal Server Error: Cannot read properties of undefined (reading 'findOne')"}
{"level":"error","message":"Internal Server Error: Validation error"}
{"level":"error","message":"User already Registered"}
{"level":"error","message":"User not found for email:"}
{"level":"error","message":"Role already registered"}
{"level":"error","message":"Error unlinking file: TypeError [ERR_INVALID_ARG_TYPE]: The \"cb\" argument must be of type function. Received undefined"}
{"level":"error","message":"Error unlinking file: TypeError [ERR_INVALID_ARG_TYPE]: The \"cb\" argument must be of type function. Received undefined"}
{"level":"error","message":"Error unlinking file: TypeError [ERR_INVALID_ARG_TYPE]: The \"cb\" argument must be of type function. Received undefined"}
{"level":"error","message":"Error unlinking file: TypeError [ERR_INVALID_ARG_TYPE]: The \"cb\" argument must be of type function. Received undefined"}
{"level":"error","message":"Error unlinking file: TypeError [ERR_INVALID_ARG_TYPE]: The \"cb\" argument must be of type function. Received undefined"}
{"level":"error","message":"Error unlinking file: ReferenceError: i is not defined"}
{"level":"error","message":"Error fetching record: ReferenceError: i is not defined"}
{"level":"error","message":"Error unlinking file: ReferenceError: i is not defined"}
{"level":"error","message":"Error fetching record: ReferenceError: i is not defined"}
{"level":"error","message":"Error fetching record: ReferenceError: i is not defined"}
{"level":"error","message":"Error fetching record: ReferenceError: i is not defined"}
{"level":"error","message":"Error fetching record: ReferenceError: i is not defined"}
{"level":"error","message":"Error unlinking file: TypeError [ERR_INVALID_ARG_TYPE]: The \"cb\" argument must be of type function. Received undefined"}
{"level":"error","message":"Error unlinking file: TypeError [ERR_INVALID_ARG_TYPE]: The \"cb\" argument must be of type function. Received undefined"}
{"level":"error","message":"Error unlinking file: TypeError [ERR_INVALID_ARG_TYPE]: The \"cb\" argument must be of type function. Received undefined"}
{"level":"error","message":"Error unlinking file: TypeError [ERR_INVALID_ARG_TYPE]: The \"cb\" argument must be of type function. Received undefined"}
{"level":"error","message":"Error unlinking file: Error: ENOENT: no such file or directory, unlink 'D:\\sequelize-orm-main\\uploads\\9310352e149632e91e7a.jpeg'"}
{"level":"error","message":"Error unlinking file: Error: ENOENT: no such file or directory, unlink 'D:\\sequelize-orm-main\\uploads\\968a1029379149d1c165.pdf'"}
{"level":"error","message":"Error uploading file to S3: InvalidAccessKeyId: The AWS Access Key Id you provided does not exist in our records."}
